<?xml version="1.0" encoding="UTF-8"?>
<testng-results ignored="0" total="1" passed="1" failed="0" skipped="0">
  <reporter-output>
  </reporter-output>
  <suite started-at="2026-07-02T19:34:31 IST" name="TestSuite" finished-at="2026-07-02T19:34:37 IST" duration-ms="6919">
    <groups>
    </groups>
    <test started-at="2026-07-02T19:34:31 IST" name="LoginTests" finished-at="2026-07-02T19:34:37 IST" duration-ms="6919">
      <class name="tests.LoginTest">
        <test-method is-config="true" signature="setUp()[pri:0, instance:tests.LoginTest@515c6049]" started-at="2026-07-02T19:34:31 IST" name="setUp" finished-at="2026-07-02T19:34:34 IST" duration-ms="3282" status="PASS">
          <reporter-output>
          </reporter-output>
        </test-method> <!-- setUp -->
        <test-method signature="testValidLogin()[pri:0, instance:tests.LoginTest@515c6049]" started-at="2026-07-02T19:34:34 IST" name="testValidLogin" finished-at="2026-07-02T19:34:37 IST" duration-ms="3547" status="PASS">
          <reporter-output>
          </reporter-output>
        </test-method> <!-- testValidLogin -->
        <test-method is-config="true" signature="tearDown()[pri:0, instance:tests.LoginTest@515c6049]" started-at="2026-07-02T19:34:37 IST" name="tearDown" finished-at="2026-07-02T19:34:37 IST" duration-ms="0" status="PASS">
          <reporter-output>
          </reporter-output>
        </test-method> <!-- tearDown -->
      </class> <!-- tests.LoginTest -->
    </test> <!-- LoginTests -->
  </suite> <!-- TestSuite -->
</testng-results>
